This is e-upTeX, Version 3.141592653-p4.1.0-u1.29-230214-2.6 (utf8.uptex) (TeX Live 2023) (preloaded format=uplatex 2024.2.22)  1 APR 2024 19:37
entering extended mode
 restricted \write18 enabled.
 %&-line parsing enabled.
**linear.tex
(./linear.tex
pLaTeX2e <2023-02-14u04>+1, based on
LaTeX2e <2023-11-01> patch level 1
L3 programming layer <2024-02-20>

(/Applications/UpTeX.app/Contents/Resources/TEX/2022/texmf-dist/tex/platex/jscl
asses/jsarticle.cls
Document Class: jsarticle 2023/02/23 jsclasses (okumura, texjporg)
\jsc@mpt=\dimen156
\jsc@mmm=\dimen157
\jsc@smallskipamount=\skip48
LaTeX Info: Redefining \textmc on input line 511.
LaTeX Info: Redefining \textgt on input line 513.
\symmincho=\mathgroup4
LaTeX Font Info:    Overwriting symbol font `mincho' in version `bold'
(Font)                  JY2/mc/m/n --> JY2/gt/m/n on input line 575.
LaTeX Font Info:    Font shape `JT2/mc/m/n' will be
(Font)              scaled to size 9.24683pt on input line 769.
LaTeX Font Info:    Font shape `JY2/mc/m/n' will be
(Font)              scaled to size 9.24683pt on input line 769.
\fullwidth=\dimen158
LaTeX Font Info:    Font shape `JT2/mc/m/n' will be
(Font)              scaled to size 7.39746pt on input line 922.
LaTeX Font Info:    Font shape `JY2/mc/m/n' will be
(Font)              scaled to size 7.39746pt on input line 922.
\c@part=\count187
\c@section=\count188
\c@subsection=\count189
\c@subsubsection=\count190
\c@paragraph=\count191
\c@subparagraph=\count192
\@abstractbox=\box68
\c@figure=\count193
\c@table=\count194
\abovecaptionskip=\skip49
\belowcaptionskip=\skip50
\jsc@tocl@width=\dimen159
\@lnumwidth=\dimen160
\bibindent=\dimen161

(/Applications/UpTeX.app/Contents/Resources/TEX/2022/texmf-dist/tex/platex/jscl
asses/jslogo.sty
Package: jslogo 2019/07/25 okumura, texjporg
LaTeX Info: Redefining \TeX on input line 82.
LaTeX Info: Redefining \LaTeX on input line 135.
LaTeX Info: Redefining \LaTeXe on input line 188.
)
\heisei=\count195
)
(/Applications/UpTeX.app/Contents/Resources/TEX/2022/texmf-dist/tex/latex/amsma
th/amsmath.sty
Package: amsmath 2023/05/13 v2.17o AMS math features
\@mathmargin=\skip51

For additional information on amsmath, use the `?' option.

(/Applications/UpTeX.app/Contents/Resources/TEX/2022/texmf-dist/tex/latex/amsma
th/amstext.sty
Package: amstext 2021/08/26 v2.01 AMS text

(/Applications/UpTeX.app/Contents/Resources/TEX/2022/texmf-dist/tex/latex/amsma
th/amsgen.sty
File: amsgen.sty 1999/11/30 v2.0 generic functions
\@emptytoks=\toks18
\ex@=\dimen162
))
(/Applications/UpTeX.app/Contents/Resources/TEX/2022/texmf-dist/tex/latex/amsma
th/amsbsy.sty
Package: amsbsy 1999/11/29 v1.2d Bold Symbols
\pmbraise@=\dimen163
)
(/Applications/UpTeX.app/Contents/Resources/TEX/2022/texmf-dist/tex/latex/amsma
th/amsopn.sty
Package: amsopn 2022/04/08 v2.04 operator names
)
\inf@bad=\count196
LaTeX Info: Redefining \frac on input line 234.
\uproot@=\count197
\leftroot@=\count198
LaTeX Info: Redefining \overline on input line 399.
LaTeX Info: Redefining \colon on input line 410.
\classnum@=\count199
\DOTSCASE@=\count266
LaTeX Info: Redefining \ldots on input line 496.
LaTeX Info: Redefining \dots on input line 499.
LaTeX Info: Redefining \cdots on input line 620.
\Mathstrutbox@=\box69
\strutbox@=\box70
LaTeX Info: Redefining \big on input line 722.
LaTeX Info: Redefining \Big on input line 723.
LaTeX Info: Redefining \bigg on input line 724.
LaTeX Info: Redefining \Bigg on input line 725.
\big@size=\dimen164
LaTeX Font Info:    Redeclaring font encoding OML on input line 743.
LaTeX Font Info:    Redeclaring font encoding OMS on input line 744.
\macc@depth=\count267
LaTeX Info: Redefining \bmod on input line 905.
LaTeX Info: Redefining \pmod on input line 910.
LaTeX Info: Redefining \smash on input line 940.
LaTeX Info: Redefining \relbar on input line 970.
LaTeX Info: Redefining \Relbar on input line 971.
\c@MaxMatrixCols=\count268
\dotsspace@=\muskip16
\c@parentequation=\count269
\dspbrk@lvl=\count270
\tag@help=\toks19
\row@=\count271
\column@=\count272
\maxfields@=\count273
\andhelp@=\toks20
\eqnshift@=\dimen165
\alignsep@=\dimen166
\tagshift@=\dimen167
\tagwidth@=\dimen168
\totwidth@=\dimen169
\lineht@=\dimen170
\@envbody=\toks21
\multlinegap=\skip52
\multlinetaggap=\skip53
\mathdisplay@stack=\toks22
LaTeX Info: Redefining \[ on input line 2953.
LaTeX Info: Redefining \] on input line 2954.
)
(/Applications/UpTeX.app/Contents/Resources/TEX/2022/texmf-dist/tex/latex/amsfo
nts/amsfonts.sty
Package: amsfonts 2013/01/14 v3.01 Basic AMSFonts support
\symAMSa=\mathgroup5
\symAMSb=\mathgroup6
LaTeX Font Info:    Redeclaring math symbol \hbar on input line 98.
LaTeX Font Info:    Overwriting math alphabet `\mathfrak' in version `bold'
(Font)                  U/euf/m/n --> U/euf/b/n on input line 106.
)
(/Applications/UpTeX.app/Contents/Resources/TEX/2022/texmf-dist/tex/latex/tools
/bm.sty
Package: bm 2023/07/08 v1.2f Bold Symbol Support (DPC/FMi)
\symboldoperators=\mathgroup7
\symboldletters=\mathgroup8
\symboldsymbols=\mathgroup9
Package bm Info: No bold for \OMX/cmex/m/n, using \pmb.
\symboldmincho=\mathgroup10
Package bm Info: No bold for \U/msa/m/n, using \pmb.
Package bm Info: No bold for \U/msb/m/n, using \pmb.
LaTeX Font Info:    Redeclaring math alphabet \mathbf on input line 149.
)
(/Applications/UpTeX.app/Contents/Resources/TEX/2022/texmf-dist/tex/latex/brake
t/braket.sty)
(/Applications/UpTeX.app/Contents/Resources/TEX/2022/texmf-dist/tex/latex/setsp
ace/setspace.sty
Package: setspace 2022/12/04 v6.7b set line spacing
)
(/Applications/UpTeX.app/Contents/Resources/TEX/texmf-local/tex/platex/misc/ema
th/emathEy.sty
Package: emathEy 2019/07/01 v0.38 横並び enumerate

(/Applications/UpTeX.app/Contents/Resources/TEX/texmf-local/tex/platex/misc/ema
th/emath.sty
\EM@boxa=\box71
\bsityuubox=\box72
Package: emath 2018/01/21 2.81

(/Applications/UpTeX.app/Contents/Resources/TEX/2022/texmf-dist/tex/latex/amsfo
nts/amssymb.sty
Package: amssymb 2013/01/14 v3.01 AMS font symbols
)
(/Applications/UpTeX.app/Contents/Resources/TEX/texmf-local/tex/platex/misc/ema
th/emathC.sty
Package: emathC 2018/04/23 v1.19

(/Applications/UpTeX.app/Contents/Resources/TEX/2022/texmf-dist/tex/latex/tools
/calc.sty
Package: calc 2023/07/08 v4.3 Infix arithmetic (KKT,FJ)
\calc@Acount=\count274
\calc@Bcount=\count275
\calc@Adimen=\dimen171
\calc@Bdimen=\dimen172
\calc@Askip=\skip54
\calc@Bskip=\skip55
LaTeX Info: Redefining \setlength on input line 80.
LaTeX Info: Redefining \addtolength on input line 81.
\calc@Ccount=\count276
\calc@Cskip=\skip56
)
(/Applications/UpTeX.app/Contents/Resources/TEX/2022/texmf-dist/tex/latex/graph
ics/keyval.sty
Package: keyval 2022/05/29 v1.15 key=value parser (DPC)
\KV@toks@=\toks23
)
(/Applications/UpTeX.app/Contents/Resources/TEX/2022/texmf-dist/tex/latex/base/
ifthen.sty
Package: ifthen 2022/04/13 v1.1d Standard LaTeX ifthen package (DPC)
)
(/Applications/UpTeX.app/Contents/Resources/TEX/texmf-local/tex/platex/misc/ema
th/EMhairetu.sty
Package: EMhairetu 2015/10/23 v0.05
)
\c@tempcnta=\count277
\templa=\dimen173
\h@ndle=\read2
\em@whndl=\write3
\emath@toks@=\toks24
\Sett@width=\dimen174
)
(/Applications/UpTeX.app/Contents/Resources/TEX/texmf-local/tex/platex/misc/ema
th/emathE.sty
Package: emathE 2015/04/05 v1.15 extended enumerate

(/Applications/UpTeX.app/Contents/Resources/TEX/texmf-local/tex/platex/misc/ema
th/emathEc.sty
Package: emathEc 2016/03/09 v0.23

(/Applications/UpTeX.app/Contents/Resources/TEX/texmf-local/tex/platex/misc/ema
th/emathK.sty
Package: emathK 2014/01/26 0.15
)
(/Applications/UpTeX.app/Contents/Resources/TEX/2022/texmf-dist/tex/latex/tools
/enumerate.sty
Package: enumerate 2023/07/04 v3.00 enumerate extensions (DPC)
\@enLab=\toks25
)
(/Applications/UpTeX.app/Contents/Resources/TEX/texmf-local/tex/platex/misc/ema
th/emathLb.sty
Package: emathLb 2019/01/10 v 0.28
)
\kizami@ti=\count278
\syoki@ti=\count279
\em@label@box=\box73
\c@enumT=\count280
\c@enumTi=\count281
\c@enumTii=\count282
\c@enumTiii=\count283
)
(/Applications/UpTeX.app/Contents/Resources/TEX/texmf-local/tex/platex/misc/ema
th/jquote.sty
Package: jquote 2019/07/02 v0.15
)
\c@Enumi=\count284
\c@Enumii=\count285
\c@Enumiii=\count286
\c@Enumiv=\count287
\tkn@Enum@ang=\toks26
\tkn@Enum@opt=\toks27
)
\c@marginpar=\count288
\c@tempcntb=\count289
\templb=\dimen175
\templc=\dimen176
\tempboxa=\box74
\tempboxb=\box75
\EMc@hizyosuu=\count290
\EMc@syou=\count291
\EMc@zyo@amari=\count292
\GCM=\count293
LaTeX Info: Redefining \to on input line 1517.
\renritu@hidariyohaku=\dimen177
LaTeX Info: Redefining \mathstrut on input line 2618.
LaTeX Font Info:    Font shape `JY2/mc/m/n' will be
(Font)              scaled to size 6.47278pt on input line 2666.
LaTeX Font Info:    Font shape `JY2/mc/m/n' will be
(Font)              scaled to size 4.62341pt on input line 2666.
LaTeX Font Info:    Trying to load font information for U+msa on input line 266
6.

(/Applications/UpTeX.app/Contents/Resources/TEX/2022/texmf-dist/tex/latex/amsfo
nts/umsa.fd
File: umsa.fd 2013/01/14 v3.01 AMS symbols A
)
LaTeX Font Info:    Trying to load font information for U+msb on input line 266
6.

(/Applications/UpTeX.app/Contents/Resources/TEX/2022/texmf-dist/tex/latex/amsfo
nts/umsb.fd
File: umsb.fd 2013/01/14 v3.01 AMS symbols B
)
LaTeX Font Info:    Font shape `JY2/gt/m/n' will be
(Font)              scaled to size 9.24683pt on input line 2666.
LaTeX Font Info:    Font shape `JY2/gt/m/n' will be
(Font)              scaled to size 6.47278pt on input line 2666.
LaTeX Font Info:    Font shape `JY2/gt/m/n' will be
(Font)              scaled to size 4.62341pt on input line 2666.
\@ltxlinelen=\dimen178
\fileophndl=\read3
LaTeX Info: Redefining \because on input line 3494.
LaTeX Info: Redefining \therefore on input line 3496.
)
\eda@box=\box76
\ed@beta@box=\box77
\c@edamon@suu=\count294
\edaitemindent=\dimen179
\pre@edasep=\dimen180
\post@edasep=\dimen181
\preedaenumskip=\dimen182
\postedaenumskip=\dimen183
\yokoenum@wd=\dimen184
)
(/Applications/UpTeX.app/Contents/Resources/TEX/2022/texmf-dist/tex/latex/enumi
tem/enumitem.sty
Package: enumitem 2019/06/20 v3.9 Customized lists
\labelindent=\skip57
\enit@outerparindent=\dimen185
\enit@toks=\toks28
\enit@inbox=\box78
\enit@count@id=\count295
LaTeX Font Info:    Font shape `JY2/mc/m/n' will be
(Font)              scaled to size 8.32214pt on input line 1087.
LaTeX Font Info:    Font shape `JY2/mc/m/n' will be
(Font)              scaled to size 5.5481pt on input line 1087.
LaTeX Font Info:    Font shape `JY2/gt/m/n' will be
(Font)              scaled to size 8.32214pt on input line 1087.
LaTeX Font Info:    Font shape `JY2/gt/m/n' will be
(Font)              scaled to size 5.5481pt on input line 1087.
\enitdp@description=\count296
)
(/Applications/UpTeX.app/Contents/Resources/TEX/2022/texmf-dist/tex/latex/graph
ics/graphicx.sty
Package: graphicx 2021/09/16 v1.2d Enhanced LaTeX Graphics (DPC,SPQR)

(/Applications/UpTeX.app/Contents/Resources/TEX/2022/texmf-dist/tex/latex/graph
ics/graphics.sty
Package: graphics 2022/03/10 v1.4e Standard LaTeX Graphics (DPC,SPQR)

(/Applications/UpTeX.app/Contents/Resources/TEX/2022/texmf-dist/tex/latex/graph
ics/trig.sty
Package: trig 2021/08/11 v1.11 sin cos tan (DPC)
)
(/Applications/UpTeX.app/Contents/Resources/TEX/2022/texmf-dist/tex/latex/graph
ics-cfg/graphics.cfg
File: graphics.cfg 2016/06/04 v1.11 sample graphics configuration
)
Package graphics Info: Driver file: dvipdfmx.def on input line 107.

(/Applications/UpTeX.app/Contents/Resources/TEX/2022/texmf-dist/tex/latex/graph
ics-def/dvipdfmx.def
File: dvipdfmx.def 2022/09/22 v5.0m Graphics/color driver for dvipdfmx
))
\Gin@req@height=\dimen186
\Gin@req@width=\dimen187
)
(/Applications/UpTeX.app/Contents/Resources/TEX/2022/texmf-dist/tex/latex/l3bac
kend/l3backend-dvipdfmx.def
File: l3backend-dvipdfmx.def 2024-02-20 L3 backend support: dvipdfmx
\g__graphics_track_int=\count297
\l__pdf_internal_box=\box79
\g__pdf_backend_object_int=\count298
\g__pdf_backend_annotation_int=\count299
\g__pdf_backend_link_int=\count300
) (./linear.aux)
\openout1 = `linear.aux'.

LaTeX Font Info:    Checking defaults for OML/cmm/m/it on input line 18.
LaTeX Font Info:    ... okay on input line 18.
LaTeX Font Info:    Checking defaults for OMS/cmsy/m/n on input line 18.
LaTeX Font Info:    ... okay on input line 18.
LaTeX Font Info:    Checking defaults for OT1/cmr/m/n on input line 18.
LaTeX Font Info:    ... okay on input line 18.
LaTeX Font Info:    Checking defaults for T1/cmr/m/n on input line 18.
LaTeX Font Info:    ... okay on input line 18.
LaTeX Font Info:    Checking defaults for TS1/cmr/m/n on input line 18.
LaTeX Font Info:    ... okay on input line 18.
LaTeX Font Info:    Checking defaults for OMX/cmex/m/n on input line 18.
LaTeX Font Info:    ... okay on input line 18.
LaTeX Font Info:    Checking defaults for U/cmr/m/n on input line 18.
LaTeX Font Info:    ... okay on input line 18.
LaTeX Font Info:    Checking defaults for JY2/mc/m/n on input line 18.
LaTeX Font Info:    ... okay on input line 18.
LaTeX Font Info:    Checking defaults for JT2/mc/m/n on input line 18.
LaTeX Font Info:    ... okay on input line 18.
LaTeX Font Info:    Font shape `JT2/mc/m/n' will be
(Font)              scaled to size 15.9785pt on input line 20.
LaTeX Font Info:    Font shape `JY2/mc/m/n' will be
(Font)              scaled to size 15.9785pt on input line 20.
LaTeX Font Info:    Font shape `JT2/mc/m/n' will be
(Font)              scaled to size 23.0061pt on input line 20.
LaTeX Font Info:    Font shape `JY2/mc/m/n' will be
(Font)              scaled to size 23.0061pt on input line 20.
LaTeX Font Info:    Font shape `JT2/mc/m/n' will be
(Font)              scaled to size 11.09619pt on input line 20.
LaTeX Font Info:    Font shape `JY2/mc/m/n' will be
(Font)              scaled to size 11.09619pt on input line 20.
LaTeX Font Info:    Font shape `JY2/gt/m/n' will be
(Font)              scaled to size 11.09619pt on input line 20.
LaTeX Font Info:    Font shape `JY2/gt/m/n' will be
(Font)              scaled to size 7.39746pt on input line 20.


LaTeX Warning: No \author given.

[1

]
LaTeX Font Info:    Font shape `JT2/mc/m/n' will be
(Font)              scaled to size 13.31541pt on input line 25.
LaTeX Font Info:    Font shape `JY2/mc/m/n' will be
(Font)              scaled to size 13.31541pt on input line 25.
LaTeX Font Info:    Font shape `JT2/gt/m/n' will be
(Font)              scaled to size 13.31541pt on input line 25.
LaTeX Font Info:    Font shape `JY2/gt/m/n' will be
(Font)              scaled to size 13.31541pt on input line 25.
\edaenum@wdth=\dimen188
\edaenum@wdth@=\dimen189
\leftmargin@org@s=\dimen190
\eda@linewidth=\dimen191
File: ./pictures/routes.pdf Graphic file (type pdf)
<./pictures/routes.pdf>
 [2] [3]
LaTeX Font Info:    Font shape `JT2/mc/m/n' will be
(Font)              scaled to size 6.47278pt on input line 196.
LaTeX Font Info:    Font shape `JT2/mc/m/n' will be
(Font)              scaled to size 4.62341pt on input line 196.
 [4] (./linear.aux)
 ***********
pLaTeX2e <2023-02-14u04>+1, based on
LaTeX2e <2023-11-01> patch level 1
L3 programming layer <2024-02-20>
 ***********
 ) 
Here is how much of TeX's memory you used:
 5756 strings out of 476035
 75279 string characters out of 5782595
 1934032 words of memory out of 5000000
 27942 multiletter control sequences out of 15000+600000
 580434 words of font info for 138 fonts, out of 8000000 for 9000
 112 hyphenation exceptions out of 8191
 101i,14n,93p,271b,511s stack positions out of 10000i,1000n,20000p,200000b,200000s

Output written on linear.dvi (4 pages, 8848 bytes).
